2018-10-16 10:21:29			error	/exam/code/index.php	[2] file_put_contents(/var/www/html/public/primeold/cache/lang/language_tmx_en.php): failed to open stream: No such file or directory | LINE: 124 | FILE: /var/www/html/public/shared/code/prime_tmx.php
2018-10-16 10:21:29			error	/exam/code/index.php	[2] file_get_contents(/var/www/html/public/primeold/shared/config/lang/language_tmx.xml): failed to open stream: No such file or directory | LINE: 138 | FILE: /var/www/html/public/shared/code/prime_tmx.php
2018-10-16 10:21:29			error	/exam/code/index.php	[2] file_put_contents(/var/www/html/public/primeold/cache/lang/language_tmx_en.php): failed to open stream: No such file or directory | LINE: 147 | FILE: /var/www/html/public/shared/code/prime_tmx.php
2018-10-31 10:37:42			error	/raw/exam/code/index.php	[2] file_put_contents(/var/www/html/public/cache/lang/language_tmx_en.php): failed to open stream: No such file or directory | LINE: 124 | FILE: C:\wamp\www\raw\shared\code\prime_tmx.php
2018-10-31 10:37:42			error	/raw/exam/code/index.php	[2] file_get_contents(/var/www/html/public/shared/config/lang/language_tmx.xml): failed to open stream: No such file or directory | LINE: 138 | FILE: C:\wamp\www\raw\shared\code\prime_tmx.php
2018-10-31 10:37:42			error	/raw/exam/code/index.php	[2] file_put_contents(/var/www/html/public/cache/lang/language_tmx_en.php): failed to open stream: No such file or directory | LINE: 147 | FILE: C:\wamp\www\raw\shared\code\prime_tmx.php
2018-10-31 10:48:47			error	/raw/exam/code/index.php	[2] file_put_contents(/var/www/html/public/cache/lang/language_tmx_en.php): failed to open stream: No such file or directory | LINE: 124 | FILE: C:\wamp\www\raw\shared\code\prime_tmx.php
2018-10-31 10:48:47			error	/raw/exam/code/index.php	[2] file_get_contents(/var/www/html/public/shared/config/lang/language_tmx.xml): failed to open stream: No such file or directory | LINE: 138 | FILE: C:\wamp\www\raw\shared\code\prime_tmx.php
2018-10-31 10:48:47			error	/raw/exam/code/index.php	[2] file_put_contents(/var/www/html/public/cache/lang/language_tmx_en.php): failed to open stream: No such file or directory | LINE: 147 | FILE: C:\wamp\www\raw\shared\code\prime_tmx.php
2018-10-31 10:49:54			error	/raw/exam/code/index.php	[2] file_put_contents(/var/www/html/public/cache/lang/language_tmx_en.php): failed to open stream: No such file or directory | LINE: 124 | FILE: C:\wamp\www\raw\shared\code\prime_tmx.php
2018-10-31 10:49:54			error	/raw/exam/code/index.php	[2] file_get_contents(/var/www/html/public/shared/config/lang/language_tmx.xml): failed to open stream: No such file or directory | LINE: 138 | FILE: C:\wamp\www\raw\shared\code\prime_tmx.php
2018-10-31 10:49:54			error	/raw/exam/code/index.php	[2] file_put_contents(/var/www/html/public/cache/lang/language_tmx_en.php): failed to open stream: No such file or directory | LINE: 147 | FILE: C:\wamp\www\raw\shared\code\prime_tmx.php
2018-10-31 10:49:56			error	/raw/exam/code/index.php	[2] file_put_contents(/var/www/html/public/cache/lang/language_tmx_en.php): failed to open stream: No such file or directory | LINE: 124 | FILE: C:\wamp\www\raw\shared\code\prime_tmx.php
2018-10-31 10:49:56			error	/raw/exam/code/index.php	[2] file_get_contents(/var/www/html/public/shared/config/lang/language_tmx.xml): failed to open stream: No such file or directory | LINE: 138 | FILE: C:\wamp\www\raw\shared\code\prime_tmx.php
2018-10-31 10:49:56			error	/raw/exam/code/index.php	[2] file_put_contents(/var/www/html/public/cache/lang/language_tmx_en.php): failed to open stream: No such file or directory | LINE: 147 | FILE: C:\wamp\www\raw\shared\code\prime_tmx.php
2018-10-31 10:50:29			error	/raw/exam/code/prime_logout.php	[2] file_put_contents(/var/www/html/public/cache/lang/language_tmx_en.php): failed to open stream: No such file or directory | LINE: 124 | FILE: C:\wamp\www\raw\shared\code\prime_tmx.php
2018-10-31 10:50:29			error	/raw/exam/code/prime_logout.php	[2] file_get_contents(/var/www/html/public/shared/config/lang/language_tmx.xml): failed to open stream: No such file or directory | LINE: 138 | FILE: C:\wamp\www\raw\shared\code\prime_tmx.php
2018-10-31 10:50:29			error	/raw/exam/code/prime_logout.php	[2] file_put_contents(/var/www/html/public/cache/lang/language_tmx_en.php): failed to open stream: No such file or directory | LINE: 147 | FILE: C:\wamp\www\raw\shared\code\prime_tmx.php
2018-10-31 10:50:29			error	/raw/exam/code/index.php	[2] file_put_contents(/var/www/html/public/cache/lang/language_tmx_en.php): failed to open stream: No such file or directory | LINE: 124 | FILE: C:\wamp\www\raw\shared\code\prime_tmx.php
2018-10-31 10:50:29			error	/raw/exam/code/index.php	[2] file_get_contents(/var/www/html/public/shared/config/lang/language_tmx.xml): failed to open stream: No such file or directory | LINE: 138 | FILE: C:\wamp\www\raw\shared\code\prime_tmx.php
2018-10-31 10:50:29			error	/raw/exam/code/index.php	[2] file_put_contents(/var/www/html/public/cache/lang/language_tmx_en.php): failed to open stream: No such file or directory | LINE: 147 | FILE: C:\wamp\www\raw\shared\code\prime_tmx.php
2018-10-31 10:50:29			error	/raw/exam/code/index.php	[2] file_put_contents(/var/www/html/public/cache/lang/language_tmx_en.php): failed to open stream: No such file or directory | LINE: 124 | FILE: C:\wamp\www\raw\shared\code\prime_tmx.php
2018-10-31 10:50:29			error	/raw/exam/code/index.php	[2] file_get_contents(/var/www/html/public/shared/config/lang/language_tmx.xml): failed to open stream: No such file or directory | LINE: 138 | FILE: C:\wamp\www\raw\shared\code\prime_tmx.php
2018-10-31 10:50:29			error	/raw/exam/code/index.php	[2] file_put_contents(/var/www/html/public/cache/lang/language_tmx_en.php): failed to open stream: No such file or directory | LINE: 147 | FILE: C:\wamp\www\raw\shared\code\prime_tmx.php
2018-11-01 08:13:44			error	/exam/code/index.php	[2] file_put_contents(C:/wamp/www/raw/cache/lang/language_tmx_en.php): failed to open stream: No such file or directory | LINE: 124 | FILE: /home/htreasurecom/public_html/shared/code/prime_tmx.php
2018-11-01 08:13:44			error	/exam/code/index.php	[2] file_get_contents(C:/wamp/www/raw/shared/config/lang/language_tmx.xml): failed to open stream: No such file or directory | LINE: 138 | FILE: /home/htreasurecom/public_html/shared/code/prime_tmx.php
2018-11-01 08:13:44			error	/exam/code/index.php	[2] file_put_contents(C:/wamp/www/raw/cache/lang/language_tmx_en.php): failed to open stream: No such file or directory | LINE: 147 | FILE: /home/htreasurecom/public_html/shared/code/prime_tmx.php
2019-12-08 11:50:17			error	/exam/code/index.php	[2] file_put_contents(/home/htreasurecom/public_html/cache/lang/language_tmx_en.php): failed to open stream: No such file or directory | LINE: 124 | FILE: /home/htreasur/public_html/shared/code/prime_tmx.php
2019-12-08 11:50:17			error	/exam/code/index.php	[2] file_get_contents(/home/htreasurecom/public_html/shared/config/lang/language_tmx.xml): failed to open stream: No such file or directory | LINE: 138 | FILE: /home/htreasur/public_html/shared/code/prime_tmx.php
2019-12-08 11:50:17			error	/exam/code/index.php	[2] file_put_contents(/home/htreasurecom/public_html/cache/lang/language_tmx_en.php): failed to open stream: No such file or directory | LINE: 147 | FILE: /home/htreasur/public_html/shared/code/prime_tmx.php
2019-12-08 11:52:37			error	/htreasure.com.ng/exam/code/index.php	[2] file_put_contents(/home/htreasurecom/public_html/cache/lang/language_tmx_en.php): failed to open stream: No such file or directory | LINE: 124 | FILE: /home/htreasur/public_html/htreasure.com.ng/shared/code/prime_tmx.php
2019-12-08 11:52:37			error	/htreasure.com.ng/exam/code/index.php	[2] file_get_contents(/home/htreasurecom/public_html/shared/config/lang/language_tmx.xml): failed to open stream: No such file or directory | LINE: 138 | FILE: /home/htreasur/public_html/htreasure.com.ng/shared/code/prime_tmx.php
2019-12-08 11:52:37			error	/htreasure.com.ng/exam/code/index.php	[2] file_put_contents(/home/htreasurecom/public_html/cache/lang/language_tmx_en.php): failed to open stream: No such file or directory | LINE: 147 | FILE: /home/htreasur/public_html/htreasure.com.ng/shared/code/prime_tmx.php
2019-12-08 12:01:30			error	/htreasure.com.ng/exam/code/index.php	[2] file_put_contents(/home/htreasur/public_html/htreasure.com.ngcache/lang/language_tmx_en.php): failed to open stream: No such file or directory | LINE: 124 | FILE: /home/htreasur/public_html/htreasure.com.ng/shared/code/prime_tmx.php
2019-12-08 12:01:30			error	/htreasure.com.ng/exam/code/index.php	[2] file_get_contents(/home/htreasur/public_html/htreasure.com.ngshared/config/lang/language_tmx.xml): failed to open stream: No such file or directory | LINE: 138 | FILE: /home/htreasur/public_html/htreasure.com.ng/shared/code/prime_tmx.php
2019-12-08 12:01:30			error	/htreasure.com.ng/exam/code/index.php	[2] file_put_contents(/home/htreasur/public_html/htreasure.com.ngcache/lang/language_tmx_en.php): failed to open stream: No such file or directory | LINE: 147 | FILE: /home/htreasur/public_html/htreasure.com.ng/shared/code/prime_tmx.php
2019-12-08 12:02:27			error	/htreasure.com.ng/exam/code/index.php	[2] file_put_contents(/home/htreasur/public_html/htreasure.com.ngcache/lang/language_tmx_en.php): failed to open stream: No such file or directory | LINE: 124 | FILE: /home/htreasur/public_html/htreasure.com.ng/shared/code/prime_tmx.php
2019-12-08 12:02:27			error	/htreasure.com.ng/exam/code/index.php	[2] file_get_contents(/home/htreasur/public_html/htreasure.com.ngshared/config/lang/language_tmx.xml): failed to open stream: No such file or directory | LINE: 138 | FILE: /home/htreasur/public_html/htreasure.com.ng/shared/code/prime_tmx.php
2019-12-08 12:02:27			error	/htreasure.com.ng/exam/code/index.php	[2] file_put_contents(/home/htreasur/public_html/htreasure.com.ngcache/lang/language_tmx_en.php): failed to open stream: No such file or directory | LINE: 147 | FILE: /home/htreasur/public_html/htreasure.com.ng/shared/code/prime_tmx.php
2019-12-08 12:09:36			error	/htreasure.com.ng/exam/code/index.php	[2] file_put_contents(/home/htreasur/public_html/htreasure.com.ngcache/lang/language_tmx_en.php): failed to open stream: No such file or directory | LINE: 124 | FILE: /home/htreasur/public_html/htreasure.com.ng/shared/code/prime_tmx.php
2019-12-08 12:09:36			error	/htreasure.com.ng/exam/code/index.php	[2] file_get_contents(/home/htreasur/public_html/htreasure.com.ngshared/config/lang/language_tmx.xml): failed to open stream: No such file or directory | LINE: 138 | FILE: /home/htreasur/public_html/htreasure.com.ng/shared/code/prime_tmx.php
2019-12-08 12:09:36			error	/htreasure.com.ng/exam/code/index.php	[2] file_put_contents(/home/htreasur/public_html/htreasure.com.ngcache/lang/language_tmx_en.php): failed to open stream: No such file or directory | LINE: 147 | FILE: /home/htreasur/public_html/htreasure.com.ng/shared/code/prime_tmx.php
2019-12-08 12:10:10			error	/htreasure.com.ng/exam/code/index.php	[2] file_put_contents(/home/htreasur/public_html/htreasure.com.ngcache/lang/language_tmx_en.php): failed to open stream: No such file or directory | LINE: 124 | FILE: /home/htreasur/public_html/htreasure.com.ng/shared/code/prime_tmx.php
2019-12-08 12:10:10			error	/htreasure.com.ng/exam/code/index.php	[2] file_get_contents(/home/htreasur/public_html/htreasure.com.ngshared/config/lang/language_tmx.xml): failed to open stream: No such file or directory | LINE: 138 | FILE: /home/htreasur/public_html/htreasure.com.ng/shared/code/prime_tmx.php
2019-12-08 12:10:10			error	/htreasure.com.ng/exam/code/index.php	[2] file_put_contents(/home/htreasur/public_html/htreasure.com.ngcache/lang/language_tmx_en.php): failed to open stream: No such file or directory | LINE: 147 | FILE: /home/htreasur/public_html/htreasure.com.ng/shared/code/prime_tmx.php
2019-12-08 12:10:30			error	/htreasure.com.ng/exam/code/index.php	[2] file_put_contents(/home/htreasur/public_html/htreasure.com.ngcache/lang/language_tmx_en.php): failed to open stream: No such file or directory | LINE: 124 | FILE: /home/htreasur/public_html/htreasure.com.ng/shared/code/prime_tmx.php
2019-12-08 12:10:30			error	/htreasure.com.ng/exam/code/index.php	[2] file_get_contents(/home/htreasur/public_html/htreasure.com.ngshared/config/lang/language_tmx.xml): failed to open stream: No such file or directory | LINE: 138 | FILE: /home/htreasur/public_html/htreasure.com.ng/shared/code/prime_tmx.php
2019-12-08 12:10:30			error	/htreasure.com.ng/exam/code/index.php	[2] file_put_contents(/home/htreasur/public_html/htreasure.com.ngcache/lang/language_tmx_en.php): failed to open stream: No such file or directory | LINE: 147 | FILE: /home/htreasur/public_html/htreasure.com.ng/shared/code/prime_tmx.php
2019-12-08 12:10:32			error	/htreasure.com.ng/exam/code/index.php	[2] file_put_contents(/home/htreasur/public_html/htreasure.com.ngcache/lang/language_tmx_en.php): failed to open stream: No such file or directory | LINE: 124 | FILE: /home/htreasur/public_html/htreasure.com.ng/shared/code/prime_tmx.php
2019-12-08 12:10:32			error	/htreasure.com.ng/exam/code/index.php	[2] file_get_contents(/home/htreasur/public_html/htreasure.com.ngshared/config/lang/language_tmx.xml): failed to open stream: No such file or directory | LINE: 138 | FILE: /home/htreasur/public_html/htreasure.com.ng/shared/code/prime_tmx.php
2019-12-08 12:10:32			error	/htreasure.com.ng/exam/code/index.php	[2] file_put_contents(/home/htreasur/public_html/htreasure.com.ngcache/lang/language_tmx_en.php): failed to open stream: No such file or directory | LINE: 147 | FILE: /home/htreasur/public_html/htreasure.com.ng/shared/code/prime_tmx.php
