2015-08-09 18:34:40	2	0000:0000:0000:0000:0000:ffff:c0a8:3865	error	/control/code/prime_filemanager.php	New: unable to send the file
2015-08-09 18:35:20	2	0000:0000:0000:0000:0000:ffff:c0a8:3865	error	/control/code/prime_filemanager.php	T.C_info: unable to send the file
2015-08-09 18:37:45	2	0000:0000:0000:0000:0000:ffff:c0a8:3865	error	/control/code/prime_filemanager.php	google-chrome-stable_current_i386.deb: unable to send the file
2015-09-14 15:44:13	2	0000:0000:0000:0000:0000:ffff:7f00:0001	error	/control/code/prime_edit_backup.php	SECURITY ERROR
2015-09-14 16:03:19	2	0000:0000:0000:0000:0000:ffff:7f00:0001	error	/control/code/prime_filemanager.php	vinesong_let_your_living_water_flow_hi_56993.3gp: unable to send the file
2015-09-14 16:04:05	2	0000:0000:0000:0000:0000:ffff:7f00:0001	error	/control/code/prime_filemanager.php	Sample__Rahasya_2015_Hindi_Movies_PDVDRip_XViD_AAC__rDX.mkv: unable to send the file
2015-09-14 16:04:32	2	0000:0000:0000:0000:0000:ffff:7f00:0001	error	/control/code/prime_filemanager.php	TH-PHP-Functions-Stage1-Video3-720.mp4: unable to send the file
2015-09-14 16:04:45	2	0000:0000:0000:0000:0000:ffff:7f00:0001	error	/control/code/prime_filemanager.php	TH-PHP-Functions-Stage3-Video3-720.mp4: unable to send the file
2015-09-14 16:06:19	2	0000:0000:0000:0000:0000:ffff:7f00:0001	error	/control/code/prime_filemanager.php	TH-PHP-PHPandDatabase-Stage1-Video1-720.mp4: unable to send the file
2015-09-14 16:10:13	2	0000:0000:0000:0000:0000:ffff:7f00:0001	error	/control/code/prime_filemanager.php	TH-PHP-PHPandDatabase-Stage1-Video1-720.mp4: unable to send the file
2015-09-14 16:10:43	2	0000:0000:0000:0000:0000:ffff:7f00:0001	error	/control/code/prime_filemanager.php	TH-PHP-PHPandDatabase-Stage1-Video1-720.mov: unable to send the file
2015-09-14 16:12:02	2	0000:0000:0000:0000:0000:ffff:7f00:0001	error	/control/code/prime_filemanager.php	PHP_Functions_Course.webm: unable to send the file
2015-09-14 16:12:29	2	0000:0000:0000:0000:0000:ffff:7f00:0001	error	/control/code/prime_filemanager.php	TH-PHP-Functions-Stage2-Video3-720.mp4: unable to send the file
2015-09-14 16:12:40	2	0000:0000:0000:0000:0000:ffff:7f00:0001	error	/control/code/prime_filemanager.php	TH-PHP-Functions-Stage3-Video1-720.mp4: unable to send the file
2015-09-14 16:13:19	2	0000:0000:0000:0000:0000:ffff:7f00:0001	error	/control/code/prime_filemanager.php	Logical_Operators.mp4: unable to send the file
2015-09-14 16:17:28	2	0000:0000:0000:0000:0000:ffff:7f00:0001	error	/control/code/prime_filemanager.php	ff.mov: unable to send the file
2018-10-10 15:19:35	2	0000:0000:0000:0000:0000:ffff:7f00:0001	error	/primeold/control/code/prime_import_users.php	[2] move_uploaded_file(/var/www/html/public/primeold/cache/primexam_users_20181010151029.tsv): failed to open stream: Permission denied | LINE: 64 | FILE: /var/www/html/public/primeold/control/code/prime_functions_upload.php
2018-10-10 15:19:35	2	0000:0000:0000:0000:0000:ffff:7f00:0001	error	/primeold/control/code/prime_import_users.php	[2] move_uploaded_file(): Unable to move '/tmp/phpF51hMr' to '/var/www/html/public/primeold/cache/primexam_users_20181010151029.tsv' | LINE: 64 | FILE: /var/www/html/public/primeold/control/code/prime_functions_upload.php
2018-10-10 15:19:35	2	0000:0000:0000:0000:0000:ffff:7f00:0001	error	/primeold/control/code/prime_import_users.php	primexam_users_20181010151029.tsv: unable to send the file
2018-10-10 16:39:29	2	0000:0000:0000:0000:0000:ffff:7f00:0001	error	/primeold/control/code/prime_edit_backup.php	SECURITY ERROR
2018-10-10 16:39:32	2	0000:0000:0000:0000:0000:ffff:7f00:0001	error	/primeold/control/code/prime_edit_backup.php	SECURITY ERROR
2018-10-10 17:32:00	2	0000:0000:0000:0000:0000:ffff:7f00:0001	error	/primeold/control/code/prime_edit_test.php	[1452]: Cannot add or update a child row: a foreign key constraint fails (`primexam1`.`prime_test_subject_set`, CONSTRAINT `prime_test_subject_set_ibfk_1` FOREIGN KEY (`tsubset_test_id`) REFERENCES `prime_tests` (`test_id`) ON DELETE CASCADE ON UPDATE NO ACTION)
2018-10-10 17:32:04	2	0000:0000:0000:0000:0000:ffff:7f00:0001	error	/primeold/control/code/prime_edit_test.php	[1452]: Cannot add or update a child row: a foreign key constraint fails (`primexam1`.`prime_test_subject_set`, CONSTRAINT `prime_test_subject_set_ibfk_1` FOREIGN KEY (`tsubset_test_id`) REFERENCES `prime_tests` (`test_id`) ON DELETE CASCADE ON UPDATE NO ACTION)
2018-10-10 17:32:27	2	0000:0000:0000:0000:0000:ffff:7f00:0001	error	/primeold/control/code/prime_edit_test.php	[1452]: Cannot add or update a child row: a foreign key constraint fails (`primexam1`.`prime_testgroups`, CONSTRAINT `prime_testgroups_ibfk_1` FOREIGN KEY (`tstgrp_test_id`) REFERENCES `prime_tests` (`test_id`) ON DELETE CASCADE ON UPDATE NO ACTION)
2018-10-10 20:04:40	2	0000:0000:0000:0000:0000:ffff:7f00:0001	error	/primeold/control/code/prime_passport_upload.php	[2] unlink(/var/www/html/public/primeold/cache/Screenshot_2018-10-01_10-25-59.png): No such file or directory | LINE: 48 | FILE: /var/www/html/public/primeold/control/code/prime_functions_filemanager.php
2018-10-10 20:04:40	2	0000:0000:0000:0000:0000:ffff:7f00:0001	error	/primeold/control/code/prime_passport_upload.php	unable to delete the selected file or directory
2018-10-10 20:04:50	2	0000:0000:0000:0000:0000:ffff:7f00:0001	error	/primeold/control/code/prime_passport_upload.php	[2] unlink(/var/www/html/public/primeold/cache/Screenshot_2018-10-01_10-25-59.png): No such file or directory | LINE: 48 | FILE: /var/www/html/public/primeold/control/code/prime_functions_filemanager.php
2018-10-10 20:04:50	2	0000:0000:0000:0000:0000:ffff:7f00:0001	error	/primeold/control/code/prime_passport_upload.php	unable to delete the selected file or directory
2018-10-10 20:04:55	2	0000:0000:0000:0000:0000:ffff:7f00:0001	error	/primeold/control/code/prime_passport_upload.php	[2] unlink(/var/www/html/public/primeold/cache/Screenshot_2018-10-01_10-25-59.png): No such file or directory | LINE: 48 | FILE: /var/www/html/public/primeold/control/code/prime_functions_filemanager.php
2018-10-10 20:04:55	2	0000:0000:0000:0000:0000:ffff:7f00:0001	error	/primeold/control/code/prime_passport_upload.php	unable to delete the selected file or directory
2018-10-10 22:15:48	2	0000:0000:0000:0000:0000:ffff:7f00:0001	error	/primeold/control/code/prime_edit_user.php	[1064]: You have an error in your SQL syntax; check the manual that corresponds to your MariaDB server version for the right syntax to use near ') VALUES (
				'2018-10-10 22:15:48',
				'0000:0000:0000:0000:0000:ffff:7f00:00' at line 9
2018-10-10 22:15:48	2	0000:0000:0000:0000:0000:ffff:7f00:0001	error	/primeold/control/code/prime_edit_user.php	[1452]: Cannot add or update a child row: a foreign key constraint fails (`primexam1`.`prime_usrgroups`, CONSTRAINT `prime_usrgroups_ibfk_1` FOREIGN KEY (`usrgrp_user_id`) REFERENCES `prime_users` (`user_id`) ON DELETE CASCADE ON UPDATE NO ACTION)
2018-10-10 22:17:24	2	0000:0000:0000:0000:0000:ffff:7f00:0001	error	/primeold/control/code/prime_edit_user.php	[1064]: You have an error in your SQL syntax; check the manual that corresponds to your MariaDB server version for the right syntax to use near ') VALUES (
				'2018-10-10 22:17:24',
				'0000:0000:0000:0000:0000:ffff:7f00:00' at line 9
2018-10-10 22:17:24	2	0000:0000:0000:0000:0000:ffff:7f00:0001	error	/primeold/control/code/prime_edit_user.php	[1452]: Cannot add or update a child row: a foreign key constraint fails (`primexam1`.`prime_usrgroups`, CONSTRAINT `prime_usrgroups_ibfk_1` FOREIGN KEY (`usrgrp_user_id`) REFERENCES `prime_users` (`user_id`) ON DELETE CASCADE ON UPDATE NO ACTION)
2018-10-10 22:19:12	2	0000:0000:0000:0000:0000:ffff:7f00:0001	error	/primeold/control/code/prime_edit_user.php	[1136]: Column count doesn't match value count at row 1
2018-10-10 22:19:12	2	0000:0000:0000:0000:0000:ffff:7f00:0001	error	/primeold/control/code/prime_edit_user.php	[1452]: Cannot add or update a child row: a foreign key constraint fails (`primexam1`.`prime_usrgroups`, CONSTRAINT `prime_usrgroups_ibfk_1` FOREIGN KEY (`usrgrp_user_id`) REFERENCES `prime_users` (`user_id`) ON DELETE CASCADE ON UPDATE NO ACTION)
2018-10-16 10:28:07	2	0000:0000:0000:0000:0000:ffff:7f00:0001	error	/control/code/prime_pdf_testgen.php	[2] imagepng(/var/www/html/public/cache/__tcpdf_imgmask_alpha_88d3a06c33847d31919ded8c669fd7f8): failed to open stream: Permission denied | LINE: 7333 | FILE: /var/www/html/public/shared/tcpdf/tcpdf.php
2018-10-16 10:28:07	2	0000:0000:0000:0000:0000:ffff:7f00:0001	error	/control/code/prime_pdf_testgen.php	[2] imagepng(/var/www/html/public/cache/__tcpdf_imgmask_plain_88d3a06c33847d31919ded8c669fd7f8): failed to open stream: Permission denied | LINE: 7338 | FILE: /var/www/html/public/shared/tcpdf/tcpdf.php
2018-10-16 10:28:07	2	0000:0000:0000:0000:0000:ffff:7f00:0001	error	/control/code/prime_pdf_testgen.php	[2] imagecreatefrompng(/var/www/html/public/cache/__tcpdf_imgmask_alpha_88d3a06c33847d31919ded8c669fd7f8): failed to open stream: No such file or directory | LINE: 7067 | FILE: /var/www/html/public/shared/tcpdf/tcpdf.php
2018-10-16 10:28:07	2	0000:0000:0000:0000:0000:ffff:7f00:0001	error	/control/code/prime_pdf_testgen.php	[2] imagecreatefrompng(/var/www/html/public/cache/__tcpdf_imgmask_plain_88d3a06c33847d31919ded8c669fd7f8): failed to open stream: No such file or directory | LINE: 7067 | FILE: /var/www/html/public/shared/tcpdf/tcpdf.php
2018-10-16 10:28:07	2	0000:0000:0000:0000:0000:ffff:7f00:0001	error	/control/code/prime_pdf_testgen.php	[2] unlink(/var/www/html/public/cache/__tcpdf_imgmask_alpha_88d3a06c33847d31919ded8c669fd7f8): No such file or directory | LINE: 7358 | FILE: /var/www/html/public/shared/tcpdf/tcpdf.php
2018-10-16 10:28:07	2	0000:0000:0000:0000:0000:ffff:7f00:0001	error	/control/code/prime_pdf_testgen.php	[2] unlink(/var/www/html/public/cache/__tcpdf_imgmask_plain_88d3a06c33847d31919ded8c669fd7f8): No such file or directory | LINE: 7359 | FILE: /var/www/html/public/shared/tcpdf/tcpdf.php
2018-10-16 10:28:11	2	0000:0000:0000:0000:0000:ffff:7f00:0001	error	/control/code/prime_pdf_testgen.php	[2] imagepng(/var/www/html/public/cache/__tcpdf_imgmask_alpha_88d3a06c33847d31919ded8c669fd7f8): failed to open stream: Permission denied | LINE: 7333 | FILE: /var/www/html/public/shared/tcpdf/tcpdf.php
2018-10-16 10:28:11	2	0000:0000:0000:0000:0000:ffff:7f00:0001	error	/control/code/prime_pdf_testgen.php	[2] imagepng(/var/www/html/public/cache/__tcpdf_imgmask_plain_88d3a06c33847d31919ded8c669fd7f8): failed to open stream: Permission denied | LINE: 7338 | FILE: /var/www/html/public/shared/tcpdf/tcpdf.php
2018-10-16 10:28:11	2	0000:0000:0000:0000:0000:ffff:7f00:0001	error	/control/code/prime_pdf_testgen.php	[2] imagecreatefrompng(/var/www/html/public/cache/__tcpdf_imgmask_alpha_88d3a06c33847d31919ded8c669fd7f8): failed to open stream: No such file or directory | LINE: 7067 | FILE: /var/www/html/public/shared/tcpdf/tcpdf.php
2018-10-16 10:28:11	2	0000:0000:0000:0000:0000:ffff:7f00:0001	error	/control/code/prime_pdf_testgen.php	[2] imagecreatefrompng(/var/www/html/public/cache/__tcpdf_imgmask_plain_88d3a06c33847d31919ded8c669fd7f8): failed to open stream: No such file or directory | LINE: 7067 | FILE: /var/www/html/public/shared/tcpdf/tcpdf.php
2018-10-16 10:28:11	2	0000:0000:0000:0000:0000:ffff:7f00:0001	error	/control/code/prime_pdf_testgen.php	[2] unlink(/var/www/html/public/cache/__tcpdf_imgmask_alpha_88d3a06c33847d31919ded8c669fd7f8): No such file or directory | LINE: 7358 | FILE: /var/www/html/public/shared/tcpdf/tcpdf.php
2018-10-16 10:28:11	2	0000:0000:0000:0000:0000:ffff:7f00:0001	error	/control/code/prime_pdf_testgen.php	[2] unlink(/var/www/html/public/cache/__tcpdf_imgmask_plain_88d3a06c33847d31919ded8c669fd7f8): No such file or directory | LINE: 7359 | FILE: /var/www/html/public/shared/tcpdf/tcpdf.php
2018-11-01 08:28:06			error	/control/code/prime_passport_upload.php	[2] session_start(): Cannot send session cookie - headers already sent by (output started at /home/htreasurecom/public_html/control/code/prime_passport_upload.php:2) | LINE: 261 | FILE: /home/htreasurecom/public_html/shared/code/prime_functions_session.php
2018-11-01 08:28:06	2	0000:0000:0000:0000:0000:ffff:c5d2:2c82	error	/control/code/prime_passport_upload.php	[2] session_start(): Cannot send session cache limiter - headers already sent (output started at /home/htreasurecom/public_html/control/code/prime_passport_upload.php:2) | LINE: 261 | FILE: /home/htreasurecom/public_html/shared/code/prime_functions_session.php
2018-11-01 08:28:06	2	0000:0000:0000:0000:0000:ffff:c5d2:2c82	error	/control/code/prime_passport_upload.php	[2] Cannot modify header information - headers already sent by (output started at /home/htreasurecom/public_html/control/code/prime_passport_upload.php:2) | LINE: 262 | FILE: /home/htreasurecom/public_html/shared/code/prime_functions_session.php
2018-11-01 08:40:14			error	/control/code/prime_passport_upload.php	[2] session_start(): Cannot send session cookie - headers already sent by (output started at /home/htreasurecom/public_html/control/code/prime_passport_upload.php:2) | LINE: 261 | FILE: /home/htreasurecom/public_html/shared/code/prime_functions_session.php
2018-11-01 08:40:14	2	0000:0000:0000:0000:0000:ffff:c5d2:2c82	error	/control/code/prime_passport_upload.php	[2] session_start(): Cannot send session cache limiter - headers already sent (output started at /home/htreasurecom/public_html/control/code/prime_passport_upload.php:2) | LINE: 261 | FILE: /home/htreasurecom/public_html/shared/code/prime_functions_session.php
2018-11-01 08:40:14	2	0000:0000:0000:0000:0000:ffff:c5d2:2c82	error	/control/code/prime_passport_upload.php	[2] Cannot modify header information - headers already sent by (output started at /home/htreasurecom/public_html/control/code/prime_passport_upload.php:2) | LINE: 262 | FILE: /home/htreasurecom/public_html/shared/code/prime_functions_session.php
2018-11-01 08:49:25			error	/control/code/prime_passport_upload.php	[2] session_start(): Cannot send session cookie - headers already sent by (output started at /home/htreasurecom/public_html/control/code/prime_passport_upload.php:2) | LINE: 261 | FILE: /home/htreasurecom/public_html/shared/code/prime_functions_session.php
2018-11-01 08:49:25	2	0000:0000:0000:0000:0000:ffff:c5d2:2c82	error	/control/code/prime_passport_upload.php	[2] session_start(): Cannot send session cache limiter - headers already sent (output started at /home/htreasurecom/public_html/control/code/prime_passport_upload.php:2) | LINE: 261 | FILE: /home/htreasurecom/public_html/shared/code/prime_functions_session.php
2018-11-01 08:49:25	2	0000:0000:0000:0000:0000:ffff:c5d2:2c82	error	/control/code/prime_passport_upload.php	[2] Cannot modify header information - headers already sent by (output started at /home/htreasurecom/public_html/control/code/prime_passport_upload.php:2) | LINE: 262 | FILE: /home/htreasurecom/public_html/shared/code/prime_functions_session.php
2018-11-01 08:55:11			error	/control/code/prime_passport_upload.php	[2] session_start(): Cannot send session cookie - headers already sent by (output started at /home/htreasurecom/public_html/control/code/prime_passport_upload.php:2) | LINE: 261 | FILE: /home/htreasurecom/public_html/shared/code/prime_functions_session.php
2018-11-01 08:55:11	2	0000:0000:0000:0000:0000:ffff:c5d2:2c82	error	/control/code/prime_passport_upload.php	[2] session_start(): Cannot send session cache limiter - headers already sent (output started at /home/htreasurecom/public_html/control/code/prime_passport_upload.php:2) | LINE: 261 | FILE: /home/htreasurecom/public_html/shared/code/prime_functions_session.php
2018-11-01 08:55:11	2	0000:0000:0000:0000:0000:ffff:c5d2:2c82	error	/control/code/prime_passport_upload.php	[2] Cannot modify header information - headers already sent by (output started at /home/htreasurecom/public_html/control/code/prime_passport_upload.php:2) | LINE: 262 | FILE: /home/htreasurecom/public_html/shared/code/prime_functions_session.php
2018-11-01 09:02:30			error	/control/code/prime_passport_upload.php	[2] session_start(): Cannot send session cookie - headers already sent by (output started at /home/htreasurecom/public_html/control/code/prime_passport_upload.php:2) | LINE: 261 | FILE: /home/htreasurecom/public_html/shared/code/prime_functions_session.php
2018-11-01 09:02:30	2	0000:0000:0000:0000:0000:ffff:c5d2:2c82	error	/control/code/prime_passport_upload.php	[2] session_start(): Cannot send session cache limiter - headers already sent (output started at /home/htreasurecom/public_html/control/code/prime_passport_upload.php:2) | LINE: 261 | FILE: /home/htreasurecom/public_html/shared/code/prime_functions_session.php
2018-11-01 09:02:30	2	0000:0000:0000:0000:0000:ffff:c5d2:2c82	error	/control/code/prime_passport_upload.php	[2] Cannot modify header information - headers already sent by (output started at /home/htreasurecom/public_html/control/code/prime_passport_upload.php:2) | LINE: 262 | FILE: /home/htreasurecom/public_html/shared/code/prime_functions_session.php
2018-11-01 09:02:42			error	/control/code/prime_passport_upload.php	[2] session_start(): Cannot send session cookie - headers already sent by (output started at /home/htreasurecom/public_html/control/code/prime_passport_upload.php:2) | LINE: 261 | FILE: /home/htreasurecom/public_html/shared/code/prime_functions_session.php
2018-11-01 09:02:42	2	0000:0000:0000:0000:0000:ffff:c5d2:2c82	error	/control/code/prime_passport_upload.php	[2] session_start(): Cannot send session cache limiter - headers already sent (output started at /home/htreasurecom/public_html/control/code/prime_passport_upload.php:2) | LINE: 261 | FILE: /home/htreasurecom/public_html/shared/code/prime_functions_session.php
2018-11-01 09:02:42	2	0000:0000:0000:0000:0000:ffff:c5d2:2c82	error	/control/code/prime_passport_upload.php	[2] Cannot modify header information - headers already sent by (output started at /home/htreasurecom/public_html/control/code/prime_passport_upload.php:2) | LINE: 262 | FILE: /home/htreasurecom/public_html/shared/code/prime_functions_session.php
2019-04-06 08:52:04			error	/control/code/prime_passport_upload.php	[2] session_start(): Cannot send session cookie - headers already sent by (output started at /home/htreasurecom/public_html/control/code/prime_passport_upload.php:2) | LINE: 261 | FILE: /home/htreasurecom/public_html/shared/code/prime_functions_session.php
2019-04-06 08:52:04	2	0000:0000:0000:0000:0000:ffff:6970:2367	error	/control/code/prime_passport_upload.php	[2] session_start(): Cannot send session cache limiter - headers already sent (output started at /home/htreasurecom/public_html/control/code/prime_passport_upload.php:2) | LINE: 261 | FILE: /home/htreasurecom/public_html/shared/code/prime_functions_session.php
2019-04-06 08:52:04	2	0000:0000:0000:0000:0000:ffff:6970:2367	error	/control/code/prime_passport_upload.php	[2] Cannot modify header information - headers already sent by (output started at /home/htreasurecom/public_html/control/code/prime_passport_upload.php:2) | LINE: 262 | FILE: /home/htreasurecom/public_html/shared/code/prime_functions_session.php
2019-12-08 11:56:21			error	/htreasure.com.ng/control/code/index.php	[2] file_put_contents(/home/htreasur/public_html/htreasure.com.ngcache/lang/language_tmx_en.php): failed to open stream: No such file or directory | LINE: 124 | FILE: /home/htreasur/public_html/htreasure.com.ng/shared/code/prime_tmx.php
2019-12-08 11:56:21			error	/htreasure.com.ng/control/code/index.php	[2] file_get_contents(/home/htreasur/public_html/htreasure.com.ngshared/config/lang/language_tmx.xml): failed to open stream: No such file or directory | LINE: 138 | FILE: /home/htreasur/public_html/htreasure.com.ng/shared/code/prime_tmx.php
2019-12-08 11:56:21			error	/htreasure.com.ng/control/code/index.php	[2] file_put_contents(/home/htreasur/public_html/htreasure.com.ngcache/lang/language_tmx_en.php): failed to open stream: No such file or directory | LINE: 147 | FILE: /home/htreasur/public_html/htreasure.com.ng/shared/code/prime_tmx.php
2019-12-08 12:00:57			error	/htreasure.com.ng/control/code/index.php	[2] file_put_contents(/home/htreasur/public_html/htreasure.com.ngcache/lang/language_tmx_en.php): failed to open stream: No such file or directory | LINE: 124 | FILE: /home/htreasur/public_html/htreasure.com.ng/shared/code/prime_tmx.php
2019-12-08 12:00:57			error	/htreasure.com.ng/control/code/index.php	[2] file_get_contents(/home/htreasur/public_html/htreasure.com.ngshared/config/lang/language_tmx.xml): failed to open stream: No such file or directory | LINE: 138 | FILE: /home/htreasur/public_html/htreasure.com.ng/shared/code/prime_tmx.php
2019-12-08 12:00:57			error	/htreasure.com.ng/control/code/index.php	[2] file_put_contents(/home/htreasur/public_html/htreasure.com.ngcache/lang/language_tmx_en.php): failed to open stream: No such file or directory | LINE: 147 | FILE: /home/htreasur/public_html/htreasure.com.ng/shared/code/prime_tmx.php
2019-12-08 12:01:10			error	/htreasure.com.ng/control/code/index.php	[2] file_put_contents(/home/htreasur/public_html/htreasure.com.ngcache/lang/language_tmx_en.php): failed to open stream: No such file or directory | LINE: 124 | FILE: /home/htreasur/public_html/htreasure.com.ng/shared/code/prime_tmx.php
2019-12-08 12:01:10			error	/htreasure.com.ng/control/code/index.php	[2] file_get_contents(/home/htreasur/public_html/htreasure.com.ngshared/config/lang/language_tmx.xml): failed to open stream: No such file or directory | LINE: 138 | FILE: /home/htreasur/public_html/htreasure.com.ng/shared/code/prime_tmx.php
2019-12-08 12:01:10			error	/htreasure.com.ng/control/code/index.php	[2] file_put_contents(/home/htreasur/public_html/htreasure.com.ngcache/lang/language_tmx_en.php): failed to open stream: No such file or directory | LINE: 147 | FILE: /home/htreasur/public_html/htreasure.com.ng/shared/code/prime_tmx.php
2019-12-08 12:13:50			error	/htreasure.com.ng/control/code/prime_passport_upload.php	[2] session_start(): Cannot send session cookie - headers already sent by (output started at /home/htreasur/public_html/htreasure.com.ng/control/code/prime_passport_upload.php:2) | LINE: 261 | FILE: /home/htreasur/public_html/htreasure.com.ng/shared/code/prime_functions_session.php
2019-12-08 12:13:50	2	0000:0000:0000:0000:0000:ffff:c5d2:2cd0	error	/htreasure.com.ng/control/code/prime_passport_upload.php	[2] session_start(): Cannot send session cache limiter - headers already sent (output started at /home/htreasur/public_html/htreasure.com.ng/control/code/prime_passport_upload.php:2) | LINE: 261 | FILE: /home/htreasur/public_html/htreasure.com.ng/shared/code/prime_functions_session.php
2019-12-08 12:13:50	2	0000:0000:0000:0000:0000:ffff:c5d2:2cd0	error	/htreasure.com.ng/control/code/prime_passport_upload.php	[2] Cannot modify header information - headers already sent by (output started at /home/htreasur/public_html/htreasure.com.ng/control/code/prime_passport_upload.php:2) | LINE: 262 | FILE: /home/htreasur/public_html/htreasure.com.ng/shared/code/prime_functions_session.php
2020-04-19 10:08:01			error	/control/code/prime_passport_upload.php	[2] session_start(): Cannot send session cookie - headers already sent by (output started at /home/htreasur/public_html/htreasure.com.ng/control/code/prime_passport_upload.php:2) | LINE: 261 | FILE: /home/htreasur/public_html/htreasure.com.ng/shared/code/prime_functions_session.php
2020-04-19 10:08:01	2	0000:0000:0000:0000:0000:ffff:c5d2:3c13	error	/control/code/prime_passport_upload.php	[2] session_start(): Cannot send session cache limiter - headers already sent (output started at /home/htreasur/public_html/htreasure.com.ng/control/code/prime_passport_upload.php:2) | LINE: 261 | FILE: /home/htreasur/public_html/htreasure.com.ng/shared/code/prime_functions_session.php
2020-04-19 10:08:01	2	0000:0000:0000:0000:0000:ffff:c5d2:3c13	error	/control/code/prime_passport_upload.php	[2] Cannot modify header information - headers already sent by (output started at /home/htreasur/public_html/htreasure.com.ng/control/code/prime_passport_upload.php:2) | LINE: 262 | FILE: /home/htreasur/public_html/htreasure.com.ng/shared/code/prime_functions_session.php
2020-04-19 10:08:48			error	/control/code/prime_passport_upload.php	[2] session_start(): Cannot send session cookie - headers already sent by (output started at /home/htreasur/public_html/htreasure.com.ng/control/code/prime_passport_upload.php:2) | LINE: 261 | FILE: /home/htreasur/public_html/htreasure.com.ng/shared/code/prime_functions_session.php
2020-04-19 10:08:48	2	0000:0000:0000:0000:0000:ffff:c5d2:3c13	error	/control/code/prime_passport_upload.php	[2] session_start(): Cannot send session cache limiter - headers already sent (output started at /home/htreasur/public_html/htreasure.com.ng/control/code/prime_passport_upload.php:2) | LINE: 261 | FILE: /home/htreasur/public_html/htreasure.com.ng/shared/code/prime_functions_session.php
2020-04-19 10:08:48	2	0000:0000:0000:0000:0000:ffff:c5d2:3c13	error	/control/code/prime_passport_upload.php	[2] Cannot modify header information - headers already sent by (output started at /home/htreasur/public_html/htreasure.com.ng/control/code/prime_passport_upload.php:2) | LINE: 262 | FILE: /home/htreasur/public_html/htreasure.com.ng/shared/code/prime_functions_session.php
2020-04-19 10:09:24			error	/control/code/prime_passport_upload.php	[2] session_start(): Cannot send session cookie - headers already sent by (output started at /home/htreasur/public_html/htreasure.com.ng/control/code/prime_passport_upload.php:2) | LINE: 261 | FILE: /home/htreasur/public_html/htreasure.com.ng/shared/code/prime_functions_session.php
2020-04-19 10:09:24	2	0000:0000:0000:0000:0000:ffff:c5d2:3c13	error	/control/code/prime_passport_upload.php	[2] session_start(): Cannot send session cache limiter - headers already sent (output started at /home/htreasur/public_html/htreasure.com.ng/control/code/prime_passport_upload.php:2) | LINE: 261 | FILE: /home/htreasur/public_html/htreasure.com.ng/shared/code/prime_functions_session.php
2020-04-19 10:09:24	2	0000:0000:0000:0000:0000:ffff:c5d2:3c13	error	/control/code/prime_passport_upload.php	[2] Cannot modify header information - headers already sent by (output started at /home/htreasur/public_html/htreasure.com.ng/control/code/prime_passport_upload.php:2) | LINE: 262 | FILE: /home/htreasur/public_html/htreasure.com.ng/shared/code/prime_functions_session.php
2020-04-19 10:09:35			error	/control/code/prime_passport_upload.php	[2] session_start(): Cannot send session cookie - headers already sent by (output started at /home/htreasur/public_html/htreasure.com.ng/control/code/prime_passport_upload.php:2) | LINE: 261 | FILE: /home/htreasur/public_html/htreasure.com.ng/shared/code/prime_functions_session.php
2020-04-19 10:09:35	2	0000:0000:0000:0000:0000:ffff:c5d2:3c13	error	/control/code/prime_passport_upload.php	[2] session_start(): Cannot send session cache limiter - headers already sent (output started at /home/htreasur/public_html/htreasure.com.ng/control/code/prime_passport_upload.php:2) | LINE: 261 | FILE: /home/htreasur/public_html/htreasure.com.ng/shared/code/prime_functions_session.php
2020-04-19 10:09:35	2	0000:0000:0000:0000:0000:ffff:c5d2:3c13	error	/control/code/prime_passport_upload.php	[2] Cannot modify header information - headers already sent by (output started at /home/htreasur/public_html/htreasure.com.ng/control/code/prime_passport_upload.php:2) | LINE: 262 | FILE: /home/htreasur/public_html/htreasure.com.ng/shared/code/prime_functions_session.php
